2026-01-30 13:15:26,129 INFO o.a.j.u.JMeterUtils: Setting Locale to en_US
2026-01-30 13:15:26,157 INFO o.a.j.JMeter: Loading user properties from: user.properties
2026-01-30 13:15:26,158 INFO o.a.j.JMeter: Loading system properties from: system.properties
2026-01-30 13:15:26,168 INFO o.a.j.JMeter: Copyright (c) 1998-2024 The Apache Software Foundation
2026-01-30 13:15:26,168 INFO o.a.j.JMeter: Version 5.6.3
2026-01-30 13:15:26,168 INFO o.a.j.JMeter: java.version=25.0.1
2026-01-30 13:15:26,169 INFO o.a.j.JMeter: java.vm.name=OpenJDK 64-Bit Server VM
2026-01-30 13:15:26,169 INFO o.a.j.JMeter: os.name=Windows 10
2026-01-30 13:15:26,169 INFO o.a.j.JMeter: os.arch=amd64
2026-01-30 13:15:26,169 INFO o.a.j.JMeter: os.version=10.0
2026-01-30 13:15:26,169 INFO o.a.j.JMeter: file.encoding=UTF-8
2026-01-30 13:15:26,169 INFO o.a.j.JMeter: java.awt.headless=null
2026-01-30 13:15:26,169 INFO o.a.j.JMeter: Max memory     =2120220672
2026-01-30 13:15:26,170 INFO o.a.j.JMeter: Available Processors =8
2026-01-30 13:15:26,195 INFO o.a.j.JMeter: Default Locale=English (United States)
2026-01-30 13:15:26,195 INFO o.a.j.JMeter: JMeter  Locale=English (United States)
2026-01-30 13:15:26,196 INFO o.a.j.JMeter: JMeterHome=D:\JMeter_data\apache-jmeter-5.6.3
2026-01-30 13:15:26,196 INFO o.a.j.JMeter: user.dir  =D:\JMeter_data\apache-jmeter-5.6.3\bin
2026-01-30 13:15:26,197 INFO o.a.j.JMeter: PWD       =D:\JMeter_data\apache-jmeter-5.6.3\bin
2026-01-30 13:15:26,198 INFO o.a.j.JMeter: IP: 10.213.13.82 Name: DESKTOP-FVNHINR FullName: DESKTOP-FVNHINR
2026-01-30 13:15:26,211 INFO o.a.j.JMeter: Loaded icon properties from org/apache/jmeter/images/icon.properties
2026-01-30 13:15:26,592 INFO o.a.j.JMeterGuiLauncher: Setting LAF to: com.github.weisj.darklaf.DarkLaf:com.github.weisj.darklaf.theme.DarculaTheme
2026-01-30 13:15:48,674 INFO o.a.j.p.h.s.HTTPSamplerBase: Parser for text/html is org.apache.jmeter.protocol.http.parser.LagartoBasedHtmlParser
2026-01-30 13:15:48,675 INFO o.a.j.p.h.s.HTTPSamplerBase: Parser for application/xhtml+xml is org.apache.jmeter.protocol.http.parser.LagartoBasedHtmlParser
2026-01-30 13:15:48,675 INFO o.a.j.p.h.s.HTTPSamplerBase: Parser for application/xml is org.apache.jmeter.protocol.http.parser.LagartoBasedHtmlParser
2026-01-30 13:15:48,675 INFO o.a.j.p.h.s.HTTPSamplerBase: Parser for text/xml is org.apache.jmeter.protocol.http.parser.LagartoBasedHtmlParser
2026-01-30 13:15:48,675 INFO o.a.j.p.h.s.HTTPSamplerBase: Parser for text/vnd.wap.wml is org.apache.jmeter.protocol.http.parser.RegexpHTMLParser
2026-01-30 13:15:48,676 INFO o.a.j.p.h.s.HTTPSamplerBase: Parser for text/css is org.apache.jmeter.protocol.http.parser.CssParser
2026-01-30 13:16:34,157 INFO o.a.j.e.StandardJMeterEngine: Running the test!
2026-01-30 13:16:34,158 INFO o.a.j.s.SampleEvent: List of sample_variables: []
2026-01-30 13:16:34,159 INFO o.a.j.s.SampleEvent: List of sample_variables: []
2026-01-30 13:16:34,160 INFO o.a.j.e.u.CompoundVariable: Note: Function class names must contain the string: '.functions.'
2026-01-30 13:16:34,161 INFO o.a.j.e.u.CompoundVariable: Note: Function class names must not contain the string: '.gui.'
2026-01-30 13:16:34,239 INFO o.a.j.g.u.JMeterMenuBar: setRunning(true, *local*)
2026-01-30 13:16:34,280 INFO o.a.j.e.StandardJMeterEngine: Starting ThreadGroup: 1 : Thread Group
2026-01-30 13:16:34,281 INFO o.a.j.e.StandardJMeterEngine: Starting 1 threads for group Thread Group.
2026-01-30 13:16:34,281 INFO o.a.j.e.StandardJMeterEngine: Thread will continue on error
2026-01-30 13:16:34,282 INFO o.a.j.t.ThreadGroup: Starting thread group... number=1 threads=1 ramp-up=1 delayedStart=false
2026-01-30 13:16:34,288 INFO o.a.j.t.ThreadGroup: Started thread group number 1
2026-01-30 13:16:34,288 INFO o.a.j.e.StandardJMeterEngine: All thread groups have been started
2026-01-30 13:16:34,288 INFO o.a.j.t.JMeterThread: Thread started: Thread Group 1-1
2026-01-30 13:16:34,305 INFO o.a.j.p.h.s.HTTPHCAbstractImpl: Local host = DESKTOP-FVNHINR
2026-01-30 13:16:34,312 INFO o.a.j.p.h.s.HTTPHC4Impl: HTTP request retry count = 0
2026-01-30 13:16:34,316 INFO o.a.j.s.SampleResult: Note: Sample TimeStamps are START times
2026-01-30 13:16:34,316 INFO o.a.j.s.SampleResult: sampleresult.default.encoding is set to UTF-8
2026-01-30 13:16:34,316 INFO o.a.j.s.SampleResult: sampleresult.useNanoTime=true
2026-01-30 13:16:34,316 INFO o.a.j.s.SampleResult: sampleresult.nanoThreadSleep=5000
2026-01-30 13:16:34,420 INFO o.a.j.p.h.s.h.LazyLayeredConnectionSocketFactory: Setting up HTTPS TrustAll Socket Factory
2026-01-30 13:16:34,424 INFO o.a.j.u.JsseSSLManager: Using default SSL protocol: TLS
2026-01-30 13:16:34,424 INFO o.a.j.u.JsseSSLManager: SSL session context: per-thread
2026-01-30 13:16:36,369 INFO o.a.j.u.SSLManager: JmeterKeyStore Location:  type JKS
2026-01-30 13:16:36,374 INFO o.a.j.u.SSLManager: KeyStore created OK
2026-01-30 13:16:36,374 WARN o.a.j.u.SSLManager: Keystore file not found, loading empty keystore
2026-01-30 13:16:37,331 INFO o.a.j.t.JMeterThread: Thread is done: Thread Group 1-1
2026-01-30 13:16:37,331 INFO o.a.j.t.JMeterThread: Thread finished: Thread Group 1-1
2026-01-30 13:16:37,335 INFO o.a.j.e.StandardJMeterEngine: Notifying test listeners of end of test
2026-01-30 13:16:37,336 INFO o.a.j.s.FileServer: Default base='D:\JMeter_data\apache-jmeter-5.6.3\bin'
2026-01-30 13:16:37,337 INFO o.a.j.g.u.JMeterMenuBar: setRunning(false, *local*)
2026-01-30 13:17:08,722 INFO o.a.j.s.FileServer: Set new base='D:\JMeter_data'
2026-01-30 13:17:09,133 INFO o.a.j.s.SaveService: Testplan (JMX) version: 2.2. Testlog (JTL) version: 2.2
2026-01-30 13:17:09,140 INFO o.a.j.s.SaveService: Using SaveService properties version 5.0
2026-01-30 13:17:09,141 INFO o.a.j.s.SaveService: Using SaveService properties file encoding UTF-8
2026-01-30 13:17:13,830 INFO o.a.j.e.StandardJMeterEngine: Running the test!
2026-01-30 13:17:13,830 INFO o.a.j.s.SampleEvent: List of sample_variables: []
2026-01-30 13:17:13,832 INFO o.a.j.g.u.JMeterMenuBar: setRunning(true, *local*)
2026-01-30 13:17:13,891 INFO o.a.j.e.StandardJMeterEngine: Starting ThreadGroup: 1 : Thread Group
2026-01-30 13:17:13,892 INFO o.a.j.e.StandardJMeterEngine: Starting 1 threads for group Thread Group.
2026-01-30 13:17:13,892 INFO o.a.j.e.StandardJMeterEngine: Thread will continue on error
2026-01-30 13:17:13,892 INFO o.a.j.t.ThreadGroup: Starting thread group... number=1 threads=1 ramp-up=1 delayedStart=false
2026-01-30 13:17:13,893 INFO o.a.j.t.ThreadGroup: Started thread group number 1
2026-01-30 13:17:13,893 INFO o.a.j.e.StandardJMeterEngine: All thread groups have been started
2026-01-30 13:17:13,893 INFO o.a.j.t.JMeterThread: Thread started: Thread Group 1-1
2026-01-30 13:17:14,477 INFO o.a.j.t.JMeterThread: Thread is done: Thread Group 1-1
2026-01-30 13:17:14,477 INFO o.a.j.t.JMeterThread: Thread finished: Thread Group 1-1
2026-01-30 13:17:14,479 INFO o.a.j.e.StandardJMeterEngine: Notifying test listeners of end of test
2026-01-30 13:17:14,479 INFO o.a.j.g.u.JMeterMenuBar: setRunning(false, *local*)
